Started on Dec 28, 2022, 1:55:54 PM
Started by event from 140.82.115.250 ⇒ https://gabriel-aurora-jenkins-720sxb.loca.lt/github-webhook/ on Wed Dec 28 13:55:54 GMT 2022
Polling SCM changes on built-in
Using strategy: Default
[poll] Last Built Revision: Revision 5cb0cb0567f308d47680c7fff9fb97427cdd85b2 (origin/test-trigger)
The recommended git tool is: NONE
No credentials specified
 > git rev-parse --resolve-git-dir /var/jenkins_home/workspace/jenkins-github-integration/.git # timeout=10
Fetching changes from the remote Git repositories
 > git config remote.origin.url https://github.com/gavriel996/curly-octo-potato.git # timeout=10
Fetching upstream changes from https://github.com/gavriel996/curly-octo-potato.git
 > git --version # timeout=10
 > git --version # 'git version 2.38.1'
 > git fetch --tags --force --progress -- https://github.com/gavriel996/curly-octo-potato.git +refs/heads/*:refs/remotes/origin/* # timeout=10
Polling for changes in
Seen branch in repository origin/add-basic-docker-compose
Seen branch in repository origin/add-python-script-and-README-change
Seen branch in repository origin/master
Seen branch in repository origin/test-trigger
Seen branch in repository origin/tiny-README-change-to-test-ci
Seen 5 remote branches
 > git show-ref --tags -d # timeout=10
 > git log --full-history --no-abbrev --format=raw -M -m 5cb0cb0567f308d47680c7fff9fb97427cdd85b2..d96fbc4ae272beaf56d60b8fed36cc03ddecaa1d # timeout=10
Done. Took 1.2 sec
Changes found
