Started on Dec 28, 2022, 2:10:37 PM
Started by event from 140.82.115.147 ⇒ https://gabriel-aurora-jenkins-720sxb.loca.lt/github-webhook/ on Wed Dec 28 14:10:37 GMT 2022
Polling SCM changes on built-in
Using strategy: Default
[poll] Last Built Revision: Revision 604a0505e5cc05d2571c6fd76813be46f2488c5c (origin/master)
The recommended git tool is: NONE
No credentials specified
 > git rev-parse --resolve-git-dir /var/jenkins_home/workspace/jenkins-github-integration/.git # timeout=10
Fetching changes from the remote Git repositories
 > git config remote.origin.url https://github.com/gavriel996/curly-octo-potato.git # timeout=10
Fetching upstream changes from https://github.com/gavriel996/curly-octo-potato.git
 > git --version # timeout=10
 > git --version # 'git version 2.38.1'
 > git fetch --tags --force --progress -- https://github.com/gavriel996/curly-octo-potato.git +refs/heads/*:refs/remotes/origin/* # timeout=10
Polling for changes in
Seen branch in repository origin/add-basic-docker-compose
Seen branch in repository origin/add-python-script-and-README-change
Seen branch in repository origin/master
Seen branch in repository origin/test-jenkinsfile
Seen branch in repository origin/test-trigger
Seen branch in repository origin/tiny-README-change-to-test-ci
Seen 6 remote branches
 > git show-ref --tags -d # timeout=10
 > git log --full-history --no-abbrev --format=raw -M -m 604a0505e5cc05d2571c6fd76813be46f2488c5c..7199541a99f39039b0e8417fcef2143af2adddaa # timeout=10
Done. Took 1 sec
Changes found
