Started on Dec 28, 2022, 10:06:19 AM
Started by event from 140.82.115.247 ⇒ https://1b34-2a10-8012-5-2743-d425-63be-7377-e8f9.eu.ngrok.io:8080/github-webhook/ on Wed Dec 28 10:06:19 GMT 2022
Polling SCM changes on built-in
Using strategy: Default
[poll] Last Built Revision: Revision 270a9798afb98498a9d12e377d895c8a4f16ed52 (refs/remotes/origin/master)
The recommended git tool is: NONE
No credentials specified
 > git rev-parse --resolve-git-dir /var/jenkins_home/workspace/jenkins-github-integration/.git # timeout=10
Fetching changes from the remote Git repositories
 > git config remote.origin.url https://github.com/gavriel996/curly-octo-potato.git # timeout=10
Fetching upstream changes from https://github.com/gavriel996/curly-octo-potato.git
 > git --version # timeout=10
 > git --version # 'git version 2.38.1'
 > git fetch --tags --force --progress -- https://github.com/gavriel996/curly-octo-potato.git +refs/heads/*:refs/remotes/origin/* # timeout=10
Polling for changes in
Seen branch in repository origin/add-basic-docker-compose
Seen branch in repository origin/add-python-script-and-README-change
Seen branch in repository origin/master
Seen branch in repository origin/test-trigger
Seen branch in repository origin/tiny-README-change-to-test-ci
Seen 5 remote branches
 > git show-ref --tags -d # timeout=10
 > git log --full-history --no-abbrev --format=raw -M -m 270a9798afb98498a9d12e377d895c8a4f16ed52..a925064ca9e20f0e2b2fbe8c4c89dc358372844d # timeout=10
Done. Took 1 sec
Changes found
