Started on Dec 28, 2022, 6:31:58 PM
Started by event from 140.82.115.100 ⇒ https://gabriel-aurora-jenkins-720sxb.loca.lt/github-webhook/ on Wed Dec 28 18:31:58 GMT 2022
Using strategy: Default
[poll] Last Built Revision: Revision 1c3db6bf1bad856a3d3e6e429ee06f4850c6262b (origin/fix)
The recommended git tool is: NONE
No credentials specified
 > git rev-parse --resolve-git-dir /var/jenkins_home/workspace/basicPipeline@script/214ade014a3679ddd3748353348955ad71d81f34eb568bdebcfb510081d13bf7/.git # timeout=10
Fetching changes from the remote Git repositories
 > git config remote.origin.url https://github.com/gavriel996/curly-octo-potato.git # timeout=10
Fetching upstream changes from https://github.com/gavriel996/curly-octo-potato.git
 > git --version # timeout=10
 > git --version # 'git version 2.38.1'
 > git fetch --tags --force --progress -- https://github.com/gavriel996/curly-octo-potato.git +refs/heads/*:refs/remotes/origin/* # timeout=10
Polling for changes in
Seen branch in repository origin/add-basic-docker-compose
Seen branch in repository origin/add-python-script-and-README-change
Seen branch in repository origin/fix
Seen branch in repository origin/master
Seen branch in repository origin/test-jenkinsfile
Seen branch in repository origin/tiny-README-change-to-test-ci
Seen 6 remote branches
 > git show-ref --tags -d # timeout=10
 > git log --full-history --no-abbrev --format=raw -M -m 1c3db6bf1bad856a3d3e6e429ee06f4850c6262b..afd5eb161b3f4b6db53c800d238f61c693035dd2 # timeout=10
Using strategy: Default
[poll] Last Built Revision: Revision 1c3db6bf1bad856a3d3e6e429ee06f4850c6262b (origin/fix)
The recommended git tool is: NONE
No credentials specified
 > git rev-parse --resolve-git-dir /var/jenkins_home/workspace/basicPipeline/.git # timeout=10
Fetching changes from the remote Git repositories
 > git config remote.origin.url https://github.com/gavriel996/curly-octo-potato.git # timeout=10
Fetching upstream changes from https://github.com/gavriel996/curly-octo-potato.git
 > git --version # timeout=10
 > git --version # 'git version 2.38.1'
 > git fetch --tags --force --progress -- https://github.com/gavriel996/curly-octo-potato.git +refs/heads/*:refs/remotes/origin/* # timeout=10
Polling for changes in
Seen branch in repository origin/add-basic-docker-compose
Seen branch in repository origin/add-python-script-and-README-change
Seen branch in repository origin/fix
Seen branch in repository origin/master
Seen branch in repository origin/test-jenkinsfile
Seen branch in repository origin/tiny-README-change-to-test-ci
Seen 6 remote branches
 > git show-ref --tags -d # timeout=10
 > git log --full-history --no-abbrev --format=raw -M -m 1c3db6bf1bad856a3d3e6e429ee06f4850c6262b..afd5eb161b3f4b6db53c800d238f61c693035dd2 # timeout=10
Done. Took 3 sec
Changes found
